Source.obj : error LNK2019: unresolved external symbol "__declspec(dllimport) public: float __thiscall sf::Time::asSeconds(void)const " (__imp_?asSeconds@Time@sf@@QBEMXZ) referenced in function _main
Source.obj : error LNK2019: unresolved external symbol "__declspec(dllimport) public: int __thiscall sf::Time::asMilliseconds(void)const " (__imp_?asMilliseconds@Time@sf@@QBEHXZ) referenced in function "void __cdecl fnMainMenu(class sf::RenderWindow &,class sf::Event &,struct Menu &,struct Texs &)" (?fnMainMenu@@YAXAAVRenderWindow@sf@@AAVEvent@2@AAUMenu@@AAUTexs@@@Z)
Source.obj : error LNK2019: unresolved external symbol "__declspec(dllimport) public: __thiscall sf::Clock::Clock(void)" (__imp_??0Clock@sf@@QAE@XZ) referenced in function "public: __thiscall Menu::Menu(void)" (??0Menu@@QAE@XZ)
Source.obj : error LNK2019: unresolved external symbol "__declspec(dllimport) public: class sf::Time __thiscall sf::Clock::getElapsedTime(void)const " (__imp_?getElapsedTime@Clock@sf@@QBE?AVTime@2@XZ) referenced in function "void __cdecl fnMainMenu(class sf::RenderWindow &,class sf::Event &,struct Menu &,struct Texs &)" (?fnMainMenu@@YAXAAVRenderWindow@sf@@AAVEvent@2@AAUMenu@@AAUTexs@@@Z)
Source.obj : error LNK2019: unresolved external symbol "__declspec(dllimport) public: class sf::Time __thiscall sf::Clock::restart(void)" (__imp_?restart@Clock@sf@@QAE?AVTime@2@XZ) referenced in function "void __cdecl fnMainMenu(class sf::RenderWindow &,class sf::Event &,struct Menu &,struct Texs &)" (?fnMainMenu@@YAXAAVRenderWindow@sf@@AAVEvent@2@AAUMenu@@AAUTexs@@@Z)
Source.obj : error LNK2019: unresolved external symbol "__declspec(dllimport) public: __thiscall sf::String::String(char const *,class std::locale const &)" (__imp_??0String@sf@@QAE@PBDABVlocale@std@@@Z) referenced in function _main
Source.obj : error LNK2019: unresolved external symbol "__declspec(dllimport) public: __thiscall sf::String::String(class std::basic_string<char,struct std::char_traits<char>,class std::allocator<char> > const &,class std::locale const &)" (__imp_??0String@sf@@QAE@ABV?$basic_string@DU?$char_traits@D@std@@V?$allocator@D@2@@std@@ABVlocale@3@@Z) referenced in function _main
Source.obj : error LNK2019: unresolved external symbol "__declspec(dllimport) public: __thiscall sf::String::~String(void)" (__imp_??1String@sf@@QAE@XZ) referenced in function _main
Source.obj : error LNK2019: unresolved external symbol "__declspec(dllimport) public: static bool __cdecl sf::Keyboard::isKeyPressed(enum sf::Keyboard::Key)" (__imp_?isKeyPressed@Keyboard@sf@@SA_NW4Key@12@@Z) referenced in function "void __cdecl fnCredits(class sf::RenderWindow &,class sf::Event &,struct Menu &)" (?fnCredits@@YAXAAVRenderWindow@sf@@AAVEvent@2@AAUMenu@@@Z)
Source.obj : error LNK2019: unresolved external symbol "__declspec(dllimport) public: static bool __cdecl sf::Mouse::isButtonPressed(enum sf::Mouse::Button)" (__imp_?isButtonPressed@Mouse@sf@@SA_NW4Button@12@@Z) referenced in function "void __cdecl fnCredits(class sf::RenderWindow &,class sf::Event &,struct Menu &)" (?fnCredits@@YAXAAVRenderWindow@sf@@AAVEvent@2@AAUMenu@@@Z)
Source.obj : error LNK2019: unresolved external symbol "__declspec(dllimport) public: static class sf::Vector2<int> __cdecl sf::Mouse::getPosition(class sf::Window const &)" (__imp_?getPosition@Mouse@sf@@SA?AV?$Vector2@H@2@ABVWindow@2@@Z) referenced in function "void __cdecl fnCredits(class sf::RenderWindow &,class sf::Event &,struct Menu &)" (?fnCredits@@YAXAAVRenderWindow@sf@@AAVEvent@2@AAUMenu@@@Z)
Source.obj : error LNK2019: unresolved external symbol "__declspec(dllimport) public: __thiscall sf::VideoMode::VideoMode(unsigned int,unsigned int,unsigned int)" (__imp_??0VideoMode@sf@@QAE@III@Z) referenced in function _main
Source.obj : error LNK2019: unresolved external symbol "__declspec(dllimport) public: void __thiscall sf::Window::close(void)" (__imp_?close@Window@sf@@QAEXXZ) referenced in function "void __cdecl fnCredits(class sf::RenderWindow &,class sf::Event &,struct Menu &)" (?fnCredits@@YAXAAVRenderWindow@sf@@AAVEvent@2@AAUMenu@@@Z)
Source.obj : error LNK2019: unresolved external symbol "__declspec(dllimport) public: bool __thiscall sf::Window::isOpen(void)const " (__imp_?isOpen@Window@sf@@QBE_NXZ) referenced in function _main
Source.obj : error LNK2019: unresolved external symbol "__declspec(dllimport) public: bool __thiscall sf::Window::pollEvent(class sf::Event &)" (__imp_?pollEvent@Window@sf@@QAE_NAAVEvent@2@@Z) referenced in function "void __cdecl fnCredits(class sf::RenderWindow &,class sf::Event &,struct Menu &)" (?fnCredits@@YAXAAVRenderWindow@sf@@AAVEvent@2@AAUMenu@@@Z)
Source.obj : error LNK2019: unresolved external symbol "__declspec(dllimport) public: void __thiscall sf::Window::setFramerateLimit(unsigned int)" (__imp_?setFramerateLimit@Window@sf@@QAEXI@Z) referenced in function _main
Source.obj : error LNK2019: unresolved external symbol "__declspec(dllimport) public: void __thiscall sf::Window::display(void)" (__imp_?display@Window@sf@@QAEXXZ) referenced in function "void __cdecl fnCredits(class sf::RenderWindow &,class sf::Event &,struct Menu &)" (?fnCredits@@YAXAAVRenderWindow@sf@@AAVEvent@2@AAUMenu@@@Z)
Source.obj : error LNK2019: unresolved external symbol "__declspec(dllimport) public: void __thiscall sf::Transformable::setPosition(float,float)" (__imp_?setPosition@Transformable@sf@@QAEXMM@Z) referenced in function "void __cdecl fnGOcheck(class sf::RenderWindow &,class sf::Event &,bool &,struct Menu &,struct Texs &)" (?fnGOcheck@@YAXAAVRenderWindow@sf@@AAVEvent@2@AA_NAAUMenu@@AAUTexs@@@Z)
Source.obj : error LNK2019: unresolved external symbol "__declspec(dllimport) public: void __thiscall sf::Transformable::setScale(float,float)" (__imp_?setScale@Transformable@sf@@QAEXMM@Z) referenced in function "void __cdecl fnGOcheck(class sf::RenderWindow &,class sf::Event &,bool &,struct Menu &,struct Texs &)" (?fnGOcheck@@YAXAAVRenderWindow@sf@@AAVEvent@2@AA_NAAUMenu@@AAUTexs@@@Z)
Source.obj : error LNK2019: unresolved external symbol "__declspec(dllimport) public: class sf::Vector2<float> const & __thiscall sf::Transformable::getPosition(void)const " (__imp_?getPosition@Transformable@sf@@QBEABV?$Vector2@M@2@XZ) referenced in function "void __cdecl fnMainMenu(class sf::RenderWindow &,class sf::Event &,struct Menu &,struct Texs &)" (?fnMainMenu@@YAXAAVRenderWindow@sf@@AAVEvent@2@AAUMenu@@AAUTexs@@@Z)
Source.obj : error LNK2019: unresolved external symbol "__declspec(dllimport) public: void __thiscall sf::Transformable::move(float,float)" (__imp_?move@Transformable@sf@@QAEXMM@Z) referenced in function "void __cdecl fnMainMenu(class sf::RenderWindow &,class sf::Event &,struct Menu &,struct Texs &)" (?fnMainMenu@@YAXAAVRenderWindow@sf@@AAVEvent@2@AAUMenu@@AAUTexs@@@Z)
Source.obj : error LNK2019: unresolved external symbol "__declspec(dllimport) public: __thiscall sf::Color::Color(unsigned char,unsigned char,unsigned char,unsigned char)" (__imp_??0Color@sf@@QAE@EEEE@Z) referenced in function "void __cdecl fnCredits(class sf::RenderWindow &,class sf::Event &,struct Menu &)" (?fnCredits@@YAXAAVRenderWindow@sf@@AAVEvent@2@AAUMenu@@@Z)
Source.obj : error LNK2019: unresolved external symbol "__declspec(dllimport) public: class sf::Rect<float> __thiscall sf::Shape::getGlobalBounds(void)const " (__imp_?getGlobalBounds@Shape@sf@@QBE?AV?$Rect@M@2@XZ) referenced in function _main
Source.obj : error LNK2019: unresolved external symbol "__declspec(dllimport) public: __thiscall sf::Texture::Texture(void)" (__imp_??0Texture@sf@@QAE@XZ) referenced in function "public: __thiscall Texs::Texs(void)" (??0Texs@@QAE@XZ)
Source.obj : error LNK2019: unresolved external symbol "__declspec(dllimport) public: __thiscall sf::Texture::Texture(class sf::Texture const &)" (__imp_??0Texture@sf@@QAE@ABV01@@Z) referenced in function "public: __thiscall Texs::Texs(struct Texs const &)" (??0Texs@@QAE@ABU0@@Z)
Source.obj : error LNK2019: unresolved external symbol "__declspec(dllimport) public: __thiscall sf::Texture::~Texture(void)" (__imp_??1Texture@sf@@QAE@XZ) referenced in function __unwindfunclet$??0Texs@@QAE@ABU0@@Z$0
Source.obj : error LNK2019: unresolved external symbol "__declspec(dllimport) public: bool __thiscall sf::Texture::loadFromFile(class std::basic_string<char,struct std::char_traits<char>,class std::allocator<char> > const &,class sf::Rect<int> const &)" (__imp_?loadFromFile@Texture@sf@@QAE_NABV?$basic_string@DU?$char_traits@D@std@@V?$allocator@D@2@@std@@ABV?$Rect@H@2@@Z) referenced in function "void __cdecl fnDinoBlue(struct Menu &,struct Texs &)" (?fnDinoBlue@@YAXAAUMenu@@AAUTexs@@@Z)
Source.obj : error LNK2019: unresolved external symbol "__declspec(dllimport) public: __thiscall sf::Font::Font(void)" (__imp_??0Font@sf@@QAE@XZ) referenced in function "public: __thiscall Texs::Texs(void)" (??0Texs@@QAE@XZ)
Source.obj : error LNK2019: unresolved external symbol "__declspec(dllimport) public: __thiscall sf::Font::Font(class sf::Font const &)" (__imp_??0Font@sf@@QAE@ABV01@@Z) referenced in function "public: __thiscall Texs::Texs(struct Texs const &)" (??0Texs@@QAE@ABU0@@Z)
Source.obj : error LNK2019: unresolved external symbol "__declspec(dllimport) public: __thiscall sf::Font::~Font(void)" (__imp_??1Font@sf@@QAE@XZ) referenced in function __unwindfunclet$??0Texs@@QAE@ABU0@@Z$23
Source.obj : error LNK2019: unresolved external symbol "__declspec(dllimport) public: bool __thiscall sf::Font::loadFromFile(class std::basic_string<char,struct std::char_traits<char>,class std::allocator<char> > const &)" (__imp_?loadFromFile@Font@sf@@QAE_NABV?$basic_string@DU?$char_traits@D@std@@V?$allocator@D@2@@std@@@Z) referenced in function _main
Source.obj : error LNK2019: unresolved external symbol "__declspec(dllimport) public: __thiscall sf::RectangleShape::RectangleShape(class sf::Vector2<float> const &)" (__imp_??0RectangleShape@sf@@QAE@ABV?$Vector2@M@1@@Z) referenced in function _main
Source.obj : error LNK2019: unresolved external symbol "__declspec(dllimport) public: void __thiscall sf::RectangleShape::setSize(class sf::Vector2<float> const &)" (__imp_?setSize@RectangleShape@sf@@QAEXABV?$Vector2@M@2@@Z) referenced in function _main
Source.obj : error LNK2019: unresolved external symbol "__declspec(dllimport) public: virtual __thiscall sf::RectangleShape::~RectangleShape(void)" (__imp_??1RectangleShape@sf@@UAE@XZ) referenced in function _main
Source.obj : error LNK2019: unresolved external symbol "__declspec(dllimport) public: void __thiscall sf::RenderTarget::clear(class sf::Color const &)" (__imp_?clear@RenderTarget@sf@@QAEXABVColor@2@@Z) referenced in function "void __cdecl fnCredits(class sf::RenderWindow &,class sf::Event &,struct Menu &)" (?fnCredits@@YAXAAVRenderWindow@sf@@AAVEvent@2@AAUMenu@@@Z)
Source.obj : error LNK2019: unresolved external symbol "__declspec(dllimport) public: void __thiscall sf::RenderTarget::draw(class sf::Drawable const &,class sf::RenderStates const &)" (__imp_?draw@RenderTarget@sf@@QAEXABVDrawable@2@ABVRenderStates@2@@Z) referenced in function "void __cdecl fnCredits(class sf::RenderWindow &,class sf::Event &,struct Menu &)" (?fnCredits@@YAXAAVRenderWindow@sf@@AAVEvent@2@AAUMenu@@@Z)
Source.obj : error LNK2019: unresolved external symbol "__declspec(dllimport) public: __thiscall sf::RenderWindow::RenderWindow(class sf::VideoMode,class sf::String const &,unsigned int,struct sf::ContextSettings const &)" (__imp_??0RenderWindow@sf@@QAE@VVideoMode@1@ABVString@1@IABUContextSettings@1@@Z) referenced in function _main
Source.obj : error LNK2019: unresolved external symbol "__declspec(dllimport) public: virtual __thiscall sf::RenderWindow::~RenderWindow(void)" (__imp_??1RenderWindow@sf@@UAE@XZ) referenced in function _main
Source.obj : error LNK2019: unresolved external symbol "__declspec(dllimport) public: __thiscall sf::Sprite::Sprite(void)" (__imp_??0Sprite@sf@@QAE@XZ) referenced in function "public: __thiscall Menu::Menu(void)" (??0Menu@@QAE@XZ)
Source.obj : error LNK2019: unresolved external symbol "__declspec(dllimport) public: void __thiscall sf::Sprite::setTexture(class sf::Texture const &,bool)" (__imp_?setTexture@Sprite@sf@@QAEXABVTexture@2@_N@Z) referenced in function "void __cdecl fnDinoBlue(struct Menu &,struct Texs &)" (?fnDinoBlue@@YAXAAUMenu@@AAUTexs@@@Z)
Source.obj : error LNK2019: unresolved external symbol "__declspec(dllimport) public: void __thiscall sf::Sprite::setTextureRect(class sf::Rect<int> const &)" (__imp_?setTextureRect@Sprite@sf@@QAEXABV?$Rect@H@2@@Z) referenced in function "void __cdecl fnGOcheck(class sf::RenderWindow &,class sf::Event &,bool &,struct Menu &,struct Texs &)" (?fnGOcheck@@YAXAAVRenderWindow@sf@@AAVEvent@2@AA_NAAUMenu@@AAUTexs@@@Z)
Source.obj : error LNK2019: unresolved external symbol "__declspec(dllimport) public: class sf::Texture const * __thiscall sf::Sprite::getTexture(void)const " (__imp_?getTexture@Sprite@sf@@QBEPBVTexture@2@XZ) referenced in function _main
Source.obj : error LNK2019: unresolved external symbol "__declspec(dllimport) public: class sf::Rect<float> __thiscall sf::Sprite::getGlobalBounds(void)const " (__imp_?getGlobalBounds@Sprite@sf@@QBE?AV?$Rect@M@2@XZ) referenced in function _main
Source.obj : error LNK2019: unresolved external symbol "__declspec(dllimport) public: virtual __thiscall sf::Sprite::~Sprite(void)" (__imp_??1Sprite@sf@@UAE@XZ) referenced in function "public: __thiscall Menu::Menu(void)" (??0Menu@@QAE@XZ)
Source.obj : error LNK2019: unresolved external symbol "__declspec(dllimport) public: __thiscall sf::Text::Text(void)" (__imp_??0Text@sf@@QAE@XZ) referenced in function _main
Source.obj : error LNK2019: unresolved external symbol "__declspec(dllimport) public: void __thiscall sf::Text::setString(class sf::String const &)" (__imp_?setString@Text@sf@@QAEXABVString@2@@Z) referenced in function _main
Source.obj : error LNK2019: unresolved external symbol "__declspec(dllimport) public: void __thiscall sf::Text::setFont(class sf::Font const &)" (__imp_?setFont@Text@sf@@QAEXABVFont@2@@Z) referenced in function _main
Source.obj : error LNK2019: unresolved external symbol "__declspec(dllimport) public: void __thiscall sf::Text::setCharacterSize(unsigned int)" (__imp_?setCharacterSize@Text@sf@@QAEXI@Z) referenced in function _main
Source.obj : error LNK2019: unresolved external symbol "__declspec(dllimport) public: void __thiscall sf::Text::setStyle(unsigned int)" (__imp_?setStyle@Text@sf@@QAEXI@Z) referenced in function _main
Source.obj : error LNK2019: unresolved external symbol "__declspec(dllimport) public: void __thiscall sf::Text::setFillColor(class sf::Color const &)" (__imp_?setFillColor@Text@sf@@QAEXABVColor@2@@Z) referenced in function _main
Source.obj : error LNK2019: unresolved external symbol "__declspec(dllimport) public: virtual __thiscall sf::Text::~Text(void)" (__imp_??1Text@sf@@UAE@XZ) referenced in function _main
Source.obj : error LNK2019: unresolved external symbol "__declspec(dllimport) public: void __thiscall sf::SoundSource::setVolume(float)" (__imp_?setVolume@SoundSource@sf@@QAEXM@Z) referenced in function _main
Source.obj : error LNK2019: unresolved external symbol "__declspec(dllimport) public: virtual void __thiscall sf::SoundStream::play(void)" (__imp_?play@SoundStream@sf@@UAEXXZ) referenced in function _main
Source.obj : error LNK2019: unresolved external symbol "__declspec(dllimport) public: void __thiscall sf::SoundStream::setLoop(bool)" (__imp_?setLoop@SoundStream@sf@@QAEX_N@Z) referenced in function _main
Source.obj : error LNK2019: unresolved external symbol "__declspec(dllimport) public: __thiscall sf::Music::Music(void)" (__imp_??0Music@sf@@QAE@XZ) referenced in function "public: __thiscall Menu::Menu(void)" (??0Menu@@QAE@XZ)
Source.obj : error LNK2019: unresolved external symbol "__declspec(dllimport) public: virtual __thiscall sf::Music::~Music(void)" (__imp_??1Music@sf@@UAE@XZ) referenced in function __unwindfunclet$??0Menu@@QAE@XZ$18
Source.obj : error LNK2019: unresolved external symbol "__declspec(dllimport) public: bool __thiscall sf::Music::openFromFile(class std::basic_string<char,struct std::char_traits<char>,class std::allocator<char> > const &)" (__imp_?openFromFile@Music@sf@@QAE_NABV?$basic_string@DU?$char_traits@D@std@@V?$allocator@D@2@@std@@@Z) referenced in function _main
Source.obj : error LNK2019: unresolved external symbol "__declspec(dllimport) public: __thiscall sf::Sound::Sound(void)" (__imp_??0Sound@sf@@QAE@XZ) referenced in function "public: __thiscall Menu::Menu(void)" (??0Menu@@QAE@XZ)
Source.obj : error LNK2019: unresolved external symbol "__declspec(dllimport) public: virtual __thiscall sf::Sound::~Sound(void)" (__imp_??1Sound@sf@@UAE@XZ) referenced in function __unwindfunclet$??0Menu@@QAE@XZ$16
Source.obj : error LNK2019: unresolved external symbol "__declspec(dllimport) public: void __thiscall sf::Sound::setBuffer(class sf::SoundBuffer const &)" (__imp_?setBuffer@Sound@sf@@QAEXABVSoundBuffer@2@@Z) referenced in function _main
Source.obj : error LNK2019: unresolved external symbol "__declspec(dllimport) public: __thiscall sf::SoundBuffer::SoundBuffer(void)" (__imp_??0SoundBuffer@sf@@QAE@XZ) referenced in function _main
Source.obj : error LNK2019: unresolved external symbol "__declspec(dllimport) public: __thiscall sf::SoundBuffer::~SoundBuffer(void)" (__imp_??1SoundBuffer@sf@@QAE@XZ) referenced in function _main
Source.obj : error LNK2019: unresolved external symbol "__declspec(dllimport) public: bool __thiscall sf::SoundBuffer::loadFromFile(class std::basic_string<char,struct std::char_traits<char>,class std::allocator<char> > const &)" (__imp_?loadFromFile@SoundBuffer@sf@@QAE_NABV?$basic_string@DU?$char_traits@D@std@@V?$allocator@D@2@@std@@@Z) referenced in function _main
Source.obj : error LNK2019: unresolved external symbol "__declspec(dllimport) public: static class sf::RenderStates const sf::RenderStates::Default" (__imp_?Default@RenderStates@sf@@2V12@B) referenced in function "void __cdecl fnCredits(class sf::RenderWindow &,class sf::Event &,struct Menu &)" (?fnCredits@@YAXAAVRenderWindow@sf@@AAVEvent@2@AAUMenu@@@Z)
Source.obj : error LNK2019: unresolved external symbol "__declspec(dllimport) public: static class sf::Color const sf::Color::Black" (__imp_?Black@Color@sf@@2V12@B) referenced in function _main
Source.obj : error LNK2019: unresolved external symbol "__declspec(dllimport) public: static class sf::Color const sf::Color::White" (__imp_?White@Color@sf@@2V12@B) referenced in function _main
C:\Visual Studio 2022\SFML-2.5.1\lib\sfml-graphics-d.lib : warning LNK4272: library machine type 'x64' conflicts with target machine type 'x86'
C:\Visual Studio 2022\SFML-2.5.1\lib\sfml-window-d.lib : warning LNK4272: library machine type 'x64' conflicts with target machine type 'x86'
C:\Visual Studio 2022\SFML-2.5.1\lib\sfml-system-d.lib : warning LNK4272: library machine type 'x64' conflicts with target machine type 'x86'
C:\Visual Studio 2022\SFML-2.5.1\lib\sfml-audio-d.lib : warning LNK4272: library machine type 'x64' conflicts with target machine type 'x86'
D:\Programming projects\Dino the dinosaur\Debug\Dino the dinosaur.exe : fatal error LNK1120: 66 unresolved externals
